0 info it worked if it ends with ok
1 verbose cli [ 'C:\\Program Files (x86)\\Microsoft Visual Studio 14.0\\Common7\\IDE\\Extensions\\Microsoft\\Web Tools\\External\\\\node\\node',
1 verbose cli   'C:\\Program Files (x86)\\Microsoft Visual Studio 14.0\\Common7\\IDE\\Extensions\\Microsoft\\Web Tools\\External\\npm\\node_modules\\npm\\bin\\npm-cli.js',
1 verbose cli   'install',
1 verbose cli   '-g',
1 verbose cli   'browserify',
1 verbose cli   'bower',
1 verbose cli   'tsd',
1 verbose cli   'typescript' ]
2 info using npm@1.4.9
3 info using node@v0.10.31
4 verbose node symlink C:\Program Files (x86)\Microsoft Visual Studio 14.0\Common7\IDE\Extensions\Microsoft\Web Tools\External\\node\node
5 verbose cache add [ 'browserify', null ]
6 verbose cache add name=undefined spec="browserify" args=["browserify",null]
7 verbose parsed url { protocol: null,
7 verbose parsed url   slashes: null,
7 verbose parsed url   auth: null,
7 verbose parsed url   host: null,
7 verbose parsed url   port: null,
7 verbose parsed url   hostname: null,
7 verbose parsed url   hash: null,
7 verbose parsed url   search: null,
7 verbose parsed url   query: null,
7 verbose parsed url   pathname: 'browserify',
7 verbose parsed url   path: 'browserify',
7 verbose parsed url   href: 'browserify' }
8 verbose cache add [ 'bower', null ]
9 verbose cache add name=undefined spec="bower" args=["bower",null]
10 verbose parsed url { protocol: null,
10 verbose parsed url   slashes: null,
10 verbose parsed url   auth: null,
10 verbose parsed url   host: null,
10 verbose parsed url   port: null,
10 verbose parsed url   hostname: null,
10 verbose parsed url   hash: null,
10 verbose parsed url   search: null,
10 verbose parsed url   query: null,
10 verbose parsed url   pathname: 'bower',
10 verbose parsed url   path: 'bower',
10 verbose parsed url   href: 'bower' }
11 verbose cache add [ 'tsd', null ]
12 verbose cache add name=undefined spec="tsd" args=["tsd",null]
13 verbose parsed url { protocol: null,
13 verbose parsed url   slashes: null,
13 verbose parsed url   auth: null,
13 verbose parsed url   host: null,
13 verbose parsed url   port: null,
13 verbose parsed url   hostname: null,
13 verbose parsed url   hash: null,
13 verbose parsed url   search: null,
13 verbose parsed url   query: null,
13 verbose parsed url   pathname: 'tsd',
13 verbose parsed url   path: 'tsd',
13 verbose parsed url   href: 'tsd' }
14 verbose cache add [ 'typescript', null ]
15 verbose cache add name=undefined spec="typescript" args=["typescript",null]
16 verbose parsed url { protocol: null,
16 verbose parsed url   slashes: null,
16 verbose parsed url   auth: null,
16 verbose parsed url   host: null,
16 verbose parsed url   port: null,
16 verbose parsed url   hostname: null,
16 verbose parsed url   hash: null,
16 verbose parsed url   search: null,
16 verbose parsed url   query: null,
16 verbose parsed url   pathname: 'typescript',
16 verbose parsed url   path: 'typescript',
16 verbose parsed url   href: 'typescript' }
17 silly lockFile 84c1c54e-browserify browserify
18 verbose lock browserify C:\Users\Logan\AppData\Roaming\npm-cache\84c1c54e-browserify.lock
19 silly lockFile 206e3ce5-bower bower
20 verbose lock bower C:\Users\Logan\AppData\Roaming\npm-cache\206e3ce5-bower.lock
21 silly lockFile 6d3ed5a2-tsd tsd
22 verbose lock tsd C:\Users\Logan\AppData\Roaming\npm-cache\6d3ed5a2-tsd.lock
23 silly lockFile fb9da861-typescript typescript
24 verbose lock typescript C:\Users\Logan\AppData\Roaming\npm-cache\fb9da861-typescript.lock
25 silly lockFile 84c1c54e-browserify browserify
26 silly lockFile 84c1c54e-browserify browserify
27 silly lockFile 206e3ce5-bower bower
28 silly lockFile 206e3ce5-bower bower
29 silly lockFile 6d3ed5a2-tsd tsd
30 silly lockFile 6d3ed5a2-tsd tsd
31 verbose addNamed [ 'browserify', '' ]
32 verbose addNamed [ null, '*' ]
33 silly lockFile 80140245-browserify browserify@
34 verbose lock browserify@ C:\Users\Logan\AppData\Roaming\npm-cache\80140245-browserify.lock
35 silly lockFile fb9da861-typescript typescript
36 silly lockFile fb9da861-typescript typescript
37 verbose addNamed [ 'bower', '' ]
38 verbose addNamed [ null, '*' ]
39 silly lockFile 1240aab1-bower bower@
40 verbose lock bower@ C:\Users\Logan\AppData\Roaming\npm-cache\1240aab1-bower.lock
41 verbose addNamed [ 'tsd', '' ]
42 verbose addNamed [ null, '*' ]
43 silly lockFile ff70fa42-tsd tsd@
44 verbose lock tsd@ C:\Users\Logan\AppData\Roaming\npm-cache\ff70fa42-tsd.lock
45 verbose addNamed [ 'typescript', '' ]
46 verbose addNamed [ null, '*' ]
47 silly lockFile b598c0ef-typescript typescript@
48 verbose lock typescript@ C:\Users\Logan\AppData\Roaming\npm-cache\b598c0ef-typescript.lock
49 silly addNameRange { name: 'browserify', range: '*', hasData: false }
50 silly addNameRange { name: 'bower', range: '*', hasData: false }
51 silly addNameRange { name: 'tsd', range: '*', hasData: false }
52 silly addNameRange { name: 'typescript', range: '*', hasData: false }
53 verbose url raw browserify
54 verbose url resolving [ 'https://registry.npmjs.org/', './browserify' ]
55 verbose url resolved https://registry.npmjs.org/browserify
56 info trying registry request attempt 1 at 15:27:28
57 verbose etag "BLOTXV8C6QOUL5Y3BFILUHSGV"
58 http GET https://registry.npmjs.org/browserify
59 verbose url raw tsd
60 verbose url resolving [ 'https://registry.npmjs.org/', './tsd' ]
61 verbose url resolved https://registry.npmjs.org/tsd
62 info trying registry request attempt 1 at 15:27:28
63 verbose etag "1PGPRMA10C9LM850CARE8BZYX"
64 http GET https://registry.npmjs.org/tsd
65 verbose url raw typescript
66 verbose url resolving [ 'https://registry.npmjs.org/', './typescript' ]
67 verbose url resolved https://registry.npmjs.org/typescript
68 info trying registry request attempt 1 at 15:27:28
69 verbose etag "959AK1Y3J1UENTUWDL19ZOOUU"
70 http GET https://registry.npmjs.org/typescript
71 verbose url raw bower
72 verbose url resolving [ 'https://registry.npmjs.org/', './bower' ]
73 verbose url resolved https://registry.npmjs.org/bower
74 info trying registry request attempt 1 at 15:27:28
75 verbose etag "DZFJE0XFKS57MHQSFTG1KCAD8"
76 http GET https://registry.npmjs.org/bower
77 http 304 https://registry.npmjs.org/bower
78 silly registry.get cb [ 304,
78 silly registry.get   { date: 'Fri, 11 Mar 2016 21:27:28 GMT',
78 silly registry.get     via: '1.1 varnish',
78 silly registry.get     'cache-control': 'max-age=300',
78 silly registry.get     etag: '"DZFJE0XFKS57MHQSFTG1KCAD8"',
78 silly registry.get     age: '281',
78 silly registry.get     connection: 'keep-alive',
78 silly registry.get     'x-served-by': 'cache-dfw1827-DFW',
78 silly registry.get     'x-cache': 'HIT',
78 silly registry.get     'x-cache-hits': '1',
78 silly registry.get     'x-timer': 'S1457731648.115036,VS0,VE0',
78 silly registry.get     vary: 'Accept' } ]
79 verbose etag bower from cache
80 http 304 https://registry.npmjs.org/typescript
81 silly registry.get cb [ 304,
81 silly registry.get   { date: 'Fri, 11 Mar 2016 21:27:28 GMT',
81 silly registry.get     via: '1.1 varnish',
81 silly registry.get     'cache-control': 'max-age=300',
81 silly registry.get     etag: '"959AK1Y3J1UENTUWDL19ZOOUU"',
81 silly registry.get     age: '239',
81 silly registry.get     connection: 'keep-alive',
81 silly registry.get     'x-served-by': 'cache-dfw1844-DFW',
81 silly registry.get     'x-cache': 'HIT',
81 silly registry.get     'x-cache-hits': '2',
81 silly registry.get     'x-timer': 'S1457731648.127387,VS0,VE0',
81 silly registry.get     vary: 'Accept' } ]
82 verbose etag typescript from cache
83 http 304 https://registry.npmjs.org/browserify
84 silly registry.get cb [ 304,
84 silly registry.get   { date: 'Fri, 11 Mar 2016 21:27:28 GMT',
84 silly registry.get     via: '1.1 varnish',
84 silly registry.get     'cache-control': 'max-age=300',
84 silly registry.get     etag: '"BLOTXV8C6QOUL5Y3BFILUHSGV"',
84 silly registry.get     age: '61',
84 silly registry.get     connection: 'keep-alive',
84 silly registry.get     'x-served-by': 'cache-dfw1837-DFW',
84 silly registry.get     'x-cache': 'HIT',
84 silly registry.get     'x-cache-hits': '1',
84 silly registry.get     'x-timer': 'S1457731648.133989,VS0,VE1',
84 silly registry.get     vary: 'Accept' } ]
85 verbose etag browserify from cache
86 http 304 https://registry.npmjs.org/tsd
87 silly registry.get cb [ 304,
87 silly registry.get   { date: 'Fri, 11 Mar 2016 21:27:28 GMT',
87 silly registry.get     via: '1.1 varnish',
87 silly registry.get     'cache-control': 'max-age=300',
87 silly registry.get     etag: '"1PGPRMA10C9LM850CARE8BZYX"',
87 silly registry.get     age: '0',
87 silly registry.get     connection: 'keep-alive',
87 silly registry.get     'x-served-by': 'cache-dfw1831-DFW',
87 silly registry.get     'x-cache': 'HIT',
87 silly registry.get     'x-cache-hits': '1',
87 silly registry.get     'x-timer': 'S1457731648.121199,VS0,VE58',
87 silly registry.get     vary: 'Accept' } ]
88 verbose etag tsd from cache
89 silly addNameRange number 2 { name: 'bower', range: '*', hasData: true }
90 silly addNameRange versions [ 'bower',
90 silly addNameRange   [ '0.1.0',
90 silly addNameRange     '0.1.2',
90 silly addNameRange     '0.1.3',
90 silly addNameRange     '0.2.0',
90 silly addNameRange     '0.3.0',
90 silly addNameRange     '0.3.1',
90 silly addNameRange     '0.3.2',
90 silly addNameRange     '0.4.0',
90 silly addNameRange     '0.5.0',
90 silly addNameRange     '0.5.1',
90 silly addNameRange     '0.6.0',
90 silly addNameRange     '0.6.1',
90 silly addNameRange     '0.6.2',
90 silly addNameRange     '0.6.3',
90 silly addNameRange     '0.6.4',
90 silly addNameRange     '0.6.5',
90 silly addNameRange     '0.6.6',
90 silly addNameRange     '0.6.7',
90 silly addNameRange     '0.6.8',
90 silly addNameRange     '0.7.0',
90 silly addNameRange     '0.7.1',
90 silly addNameRange     '0.8.0',
90 silly addNameRange     '0.8.1',
90 silly addNameRange     '0.8.2',
90 silly addNameRange     '0.8.3',
90 silly addNameRange     '0.8.4',
90 silly addNameRange     '0.8.5',
90 silly addNameRange     '0.8.6',
90 silly addNameRange     '0.9.0',
90 silly addNameRange     '0.9.1',
90 silly addNameRange     '0.9.2',
90 silly addNameRange     '0.10.0',
90 silly addNameRange     '1.0.0',
90 silly addNameRange     '1.0.1',
90 silly addNameRange     '1.0.2',
90 silly addNameRange     '1.0.3',
90 silly addNameRange     '1.1.0',
90 silly addNameRange     '1.1.1',
90 silly addNameRange     '1.1.2',
90 silly addNameRange     '1.2.0',
90 silly addNameRange     '1.2.1',
90 silly addNameRange     '1.2.2',
90 silly addNameRange     '1.2.3',
90 silly addNameRange     '1.2.4',
90 silly addNameRange     '1.2.5',
90 silly addNameRange     '1.2.6',
90 silly addNameRange     '1.2.7',
90 silly addNameRange     '1.2.8',
90 silly addNameRange     '1.3.0',
90 silly addNameRange     '1.3.1',
90 silly addNameRange     '1.3.2',
90 silly addNameRange     '1.3.3',
90 silly addNameRange     '1.3.4',
90 silly addNameRange     '1.3.5',
90 silly addNameRange     '1.3.6',
90 silly addNameRange     '1.3.7',
90 silly addNameRange     '1.3.8',
90 silly addNameRange     '1.3.9',
90 silly addNameRange     '1.3.10',
90 silly addNameRange     '1.3.11',
90 silly addNameRange     '1.3.12',
90 silly addNameRange     '1.4.0',
90 silly addNameRange     '1.4.1',
90 silly addNameRange     '1.5.0',
90 silly addNameRange     '1.5.1',
90 silly addNameRange     '1.5.2',
90 silly addNameRange     '1.5.3',
90 silly addNameRange     '1.6.2',
90 silly addNameRange     '1.6.3',
90 silly addNameRange     '1.6.4',
90 silly addNameRange     '1.6.5',
90 silly addNameRange     '1.5.4',
90 silly addNameRange     '1.4.2',
90 silly addNameRange     '1.6.6',
90 silly addNameRange     '1.6.7',
90 silly addNameRange     '1.6.8',
90 silly addNameRange     '1.6.9',
90 silly addNameRange     '1.7.0',
90 silly addNameRange     '1.7.1',
90 silly addNameRange     '1.7.2',
90 silly addNameRange     '1.7.5',
90 silly addNameRange     '1.7.6',
90 silly addNameRange     '1.7.7' ] ]
91 verbose addNamed [ 'bower', '1.7.7' ]
92 verbose addNamed [ '1.7.7', '1.7.7' ]
93 silly lockFile 8acd7280-bower-1-7-7 bower@1.7.7
94 verbose lock bower@1.7.7 C:\Users\Logan\AppData\Roaming\npm-cache\8acd7280-bower-1-7-7.lock
95 silly addNameRange number 2 { name: 'typescript', range: '*', hasData: true }
96 silly addNameRange versions [ 'typescript',
96 silly addNameRange   [ '0.8.0',
96 silly addNameRange     '0.8.1',
96 silly addNameRange     '0.8.1-1',
96 silly addNameRange     '0.8.2',
96 silly addNameRange     '0.8.3',
96 silly addNameRange     '0.9.0',
96 silly addNameRange     '0.9.0-1',
96 silly addNameRange     '0.9.1',
96 silly addNameRange     '0.9.1-1',
96 silly addNameRange     '0.9.5',
96 silly addNameRange     '0.9.7',
96 silly addNameRange     '1.0.0',
96 silly addNameRange     '1.0.1',
96 silly addNameRange     '1.1.0-1',
96 silly addNameRange     '1.3.0',
96 silly addNameRange     '1.4.1',
96 silly addNameRange     '1.5.0-alpha',
96 silly addNameRange     '1.5.0-beta',
96 silly addNameRange     '1.5.3',
96 silly addNameRange     '1.6.0-dev.20150722.1',
96 silly addNameRange     '1.6.0-dev.20150723',
96 silly addNameRange     '1.6.0-dev.20150724',
96 silly addNameRange     '1.6.0-dev.20150725',
96 silly addNameRange     '1.6.0-dev.20150726',
96 silly addNameRange     '1.6.0-dev.20150727',
96 silly addNameRange     '1.6.0-dev.20150728',
96 silly addNameRange     '1.6.0-dev.20150729',
96 silly addNameRange     '1.6.0-dev.20150730',
96 silly addNameRange     '1.6.0-dev.20150731',
96 silly addNameRange     '1.6.0-dev.20150801',
96 silly addNameRange     '1.6.0-dev.20150802',
96 silly addNameRange     '1.6.0-dev.20150803',
96 silly addNameRange     '1.6.0-dev.20150804',
96 silly addNameRange     '1.6.0-dev.20150805',
96 silly addNameRange     '1.6.0-dev.20150806',
96 silly addNameRange     '1.6.0-dev.20150807',
96 silly addNameRange     '1.6.0-dev.20150808',
96 silly addNameRange     '1.6.0-dev.20150809',
96 silly addNameRange     '1.6.0-dev.20150810',
96 silly addNameRange     '1.6.0-dev.20150811',
96 silly addNameRange     '1.6.0-dev.20150812',
96 silly addNameRange     '1.6.0-dev.20150813',
96 silly addNameRange     '1.6.0-dev.20150814',
96 silly addNameRange     '1.6.0-dev.20150815',
96 silly addNameRange     '1.6.0-dev.20150816',
96 silly addNameRange     '1.6.0-dev.20150817',
96 silly addNameRange     '1.6.0-dev.20150818',
96 silly addNameRange     '1.6.0-dev.20150819',
96 silly addNameRange     '1.6.0-dev.20150820',
96 silly addNameRange     '1.6.0-dev.20150821',
96 silly addNameRange     '1.6.0-dev.20150822',
96 silly addNameRange     '1.6.0-dev.20150823',
96 silly addNameRange     '1.6.0-dev.20150824',
96 silly addNameRange     '1.6.0-dev.20150825',
96 silly addNameRange     '1.7.0-dev.20150826',
96 silly addNameRange     '1.7.0-dev.20150827',
96 silly addNameRange     '1.7.0-dev.20150828',
96 silly addNameRange     '1.7.0-dev.20150829',
96 silly addNameRange     '1.7.0-dev.20150830',
96 silly addNameRange     '1.7.0-dev.20150831',
96 silly addNameRange     '1.7.0-dev.20150901',
96 silly addNameRange     '1.7.0-dev.20150902',
96 silly addNameRange     '1.6.0-beta',
96 silly addNameRange     '1.7.0-dev.20150903',
96 silly addNameRange     '1.7.0-dev.20150904',
96 silly addNameRange     '1.6.0-dev.20150905',
96 silly addNameRange     '1.6.0-dev.20150906',
96 silly addNameRange     '1.6.0-dev.20150907',
96 silly addNameRange     '1.6.0-dev.20150908',
96 silly addNameRange     '1.6.0-dev.20150909',
96 silly addNameRange     '1.6.0-dev.20150910',
96 silly addNameRange     '1.6.0-dev.20150911',
96 silly addNameRange     '1.6.0-dev.20150912',
96 silly addNameRange     '1.6.0-dev.20150913',
96 silly addNameRange     '1.6.0-dev.20150914',
96 silly addNameRange     '1.6.0-dev.20150915',
96 silly addNameRange     '1.7.0-dev.20150916',
96 silly addNameRange     '1.6.2',
96 silly addNameRange     '1.7.0-dev.20150917',
96 silly addNameRange     '1.7.0-dev.20150918',
96 silly addNameRange     '1.7.0-dev.20150919',
96 silly addNameRange     '1.7.0-dev.20150920',
96 silly addNameRange     '1.7.0-dev.20150921',
96 silly addNameRange     '1.7.0-dev.20150922',
96 silly addNameRange     '1.7.0-dev.20150923',
96 silly addNameRange     '1.7.0-dev.20150924',
96 silly addNameRange     '1.7.0-dev.20150925',
96 silly addNameRange     '1.7.0-dev.20150926',
96 silly addNameRange     '1.7.0-dev.20150927',
96 silly addNameRange     '1.7.0-dev.20150928',
96 silly addNameRange     '1.7.0-dev.20150929',
96 silly addNameRange     '1.7.0-dev.20150930',
96 silly addNameRange     '1.7.0-dev.20151001',
96 silly addNameRange     '1.7.0-dev.20151002',
96 silly addNameRange     '1.7.0-dev.20151003',
96 silly addNameRange     '1.7.0-dev.20151004',
96 silly addNameRange     '1.7.0-dev.20151005',
96 silly addNameRange     '1.7.0-dev.20151006',
96 silly addNameRange     '1.7.0-dev.20151014',
96 silly addNameRange     '1.7.0-dev.20151015',
96 silly addNameRange     '1.7.0-dev.20151016',
96 silly addNameRange     '1.8.0-dev.20151017',
96 silly addNameRange     '1.8.0-dev.20151018',
96 silly addNameRange     '1.8.0-dev.20151019',
96 silly addNameRange     '1.8.0-dev.20151020',
96 silly addNameRange     '1.8.0-dev.20151021',
96 silly addNameRange     '1.8.0-dev.20151022',
96 silly addNameRange     '1.8.0-dev.20151023',
96 silly addNameRange     '1.8.0-dev.20151024',
96 silly addNameRange     '1.8.0-dev.20151025',
96 silly addNameRange     '1.8.0-dev.20151026',
96 silly addNameRange     '1.8.0-dev.20151027',
96 silly addNameRange     '1.8.0-dev.20151028',
96 silly addNameRange     '1.8.0-dev.20151029',
96 silly addNameRange     '1.8.0-dev.20151030',
96 silly addNameRange     '1.8.0-dev.20151031',
96 silly addNameRange     '1.8.0-dev.20151101',
96 silly addNameRange     '1.8.0-dev.20151102',
96 silly addNameRange     '1.8.0-dev.20151103',
96 silly addNameRange     '1.8.0-dev.20151104',
96 silly addNameRange     '1.8.0-dev.20151105',
96 silly addNameRange     '1.8.0-dev.20151106',
96 silly addNameRange     '1.8.0-dev.20151107',
96 silly addNameRange     '1.8.0-dev.20151108',
96 silly addNameRange     '1.8.0-dev.20151109',
96 silly addNameRange     '1.8.0-dev.20151110',
96 silly addNameRange     '1.8.0-dev.20151111',
96 silly addNameRange     '1.8.0-dev.20151112',
96 silly addNameRange     '1.8.0-dev.20151113',
96 silly addNameRange     '1.8.0-dev.20151114',
96 silly addNameRange     '1.8.0-dev.20151115',
96 silly addNameRange     '1.8.0-dev.20151116',
96 silly addNameRange     '1.8.0-dev.20151117',
96 silly addNameRange     '1.8.0-dev.20151118',
96 silly addNameRange     '1.8.0-dev.20151119',
96 silly addNameRange     '1.8.0-dev.20151120',
96 silly addNameRange     '1.8.0-dev.20151121',
96 silly addNameRange     '1.8.0-dev.20151122',
96 silly addNameRange     '1.8.0-dev.20151123',
96 silly addNameRange     '1.8.0-dev.20151124',
96 silly addNameRange     '1.8.0-dev.20151125',
96 silly addNameRange     '1.8.0-dev.20151126',
96 silly addNameRange     '1.8.0-dev.20151127',
96 silly addNameRange     '1.8.0-dev.20151128',
96 silly addNameRange     '1.8.0-dev.20151129',
96 silly addNameRange     '1.8.0-dev.20151130',
96 silly addNameRange     '1.7.3',
96 silly addNameRange     '1.8.0-dev.20151201',
96 silly addNameRange     '1.8.0-dev.20151202',
96 silly addNameRange     '1.8.0-dev.20151203',
96 silly addNameRange     '1.8.0-dev.20151204',
96 silly addNameRange     '1.8.0-dev.20151210',
96 silly addNameRange     '1.8.0-dev.20151211',
96 silly addNameRange     '1.8.0-dev.20151212',
96 silly addNameRange     '1.8.0-dev.20151213',
96 silly addNameRange     '1.8.0-dev.20151214',
96 silly addNameRange     '1.7.5',
96 silly addNameRange     '1.8.0-dev.20151215',
96 silly addNameRange     '1.8.0-dev.20151216',
96 silly addNameRange     '1.8.0-dev.20151217',
96 silly addNameRange     '1.8.0-dev.20151218',
96 silly addNameRange     '1.8.0-dev.20151219',
96 silly addNameRange     '1.8.0-dev.20151220',
96 silly addNameRange     '1.8.0-dev.20151221',
96 silly addNameRange     '1.8.0-dev.20151222',
96 silly addNameRange     '1.8.0-dev.20151223',
96 silly addNameRange     '1.8.0-dev.20151224',
96 silly addNameRange     '1.8.0-dev.20151225',
96 silly addNameRange     '1.8.0-dev.20151226',
96 silly addNameRange     '1.8.0-dev.20151227',
96 silly addNameRange     '1.8.0-dev.20151228',
96 silly addNameRange     '1.8.0-dev.20151229',
96 silly addNameRange     '1.8.0-dev.20151230',
96 silly addNameRange     '1.8.0-dev.20151231',
96 silly addNameRange     '1.8.0-dev.20160101',
96 silly addNameRange     '1.8.0-dev.20160102',
96 silly addNameRange     '1.8.0-dev.20160103',
96 silly addNameRange     '1.8.0-dev.20160104',
96 silly addNameRange     '1.8.0-dev.20160105',
96 silly addNameRange     '1.8.0-dev.20160106',
96 silly addNameRange     '1.8.0-dev.20160107',
96 silly addNameRange     '1.8.0-dev.20160108',
96 silly addNameRange     '1.8.0-dev.20160109',
96 silly addNameRange     '1.8.0-dev.20160110',
96 silly addNameRange     '1.8.0-dev.20160111',
96 silly addNameRange     '1.8.0-dev.20160112',
96 silly addNameRange     '1.8.0-dev.20160113',
96 silly addNameRange     '1.8.0-dev.20160114',
96 silly addNameRange     '1.8.0-dev.20160115',
96 silly addNameRange     '1.8.0-dev.20160116',
96 silly addNameRange     '1.8.0-dev.20160117',
96 silly addNameRange     '1.8.0-dev.20160118',
96 silly addNameRange     '1.8.0-dev.20160119',
96 silly addNameRange     '1.8.0-dev.20160120',
96 silly addNameRange     '1.8.0-dev.20160121',
96 silly addNameRange     '1.8.0-dev.20160122',
96 silly addNameRange     '1.8.0-dev.20160123',
96 silly addNameRange     '1.8.0-dev.20160124',
96 silly addNameRange     '1.8.0-dev.20160125',
96 silly addNameRange     '1.9.0-dev.20160126',
96 silly addNameRange     '1.9.0-dev.20160127',
96 silly addNameRange     '1.9.0-dev.20160128',
96 silly addNameRange     '1.8.0',
96 silly addNameRange     '1.9.0-dev.20160129',
96 silly addNameRange     '1.9.0-dev.20160130',
96 silly addNameRange     '1.9.0-dev.20160131',
96 silly addNameRange     '1.9.0-dev.20160201',
96 silly addNameRange     '1.9.0-dev.20160202',
96 silly addNameRange     '1.9.0-dev.20160203',
96 silly addNameRange     '1.9.0-dev.20160204',
96 silly addNameRange     '1.9.0-dev.20160205',
96 silly addNameRange     '1.9.0-dev.20160206',
96 silly addNameRange     '1.9.0-dev.20160207',
96 silly addNameRange     '1.9.0-dev.20160208',
96 silly addNameRange     '1.9.0-dev.20160209',
96 silly addNameRange     '1.9.0-dev.20160210',
96 silly addNameRange     '1.9.0-dev.20160211',
96 silly addNameRange     '1.9.0-dev.20160212',
96 silly addNameRange     '1.9.0-dev.20160213',
96 silly addNameRange     '1.9.0-dev.20160214',
96 silly addNameRange     '1.9.0-dev.20160215',
96 silly addNameRange     '1.9.0-dev.20160216',
96 silly addNameRange     '1.9.0-dev.20160217',
96 silly addNameRange     '1.9.0-dev.20160218',
96 silly addNameRange     '1.9.0-dev.20160219',
96 silly addNameRange     '1.9.0-dev.20160220',
96 silly addNameRange     '1.9.0-dev.20160221',
96 silly addNameRange     '1.9.0-dev.20160222',
96 silly addNameRange     '1.8.2',
96 silly addNameRange     '1.9.0-dev.20160223',
96 silly addNameRange     '1.9.0-dev.20160224',
96 silly addNameRange     '1.9.0-dev.20160225',
96 silly addNameRange     '1.9.0-dev.20160226',
96 silly addNameRange     '1.9.0-dev.20160227',
96 silly addNameRange     '1.9.0-dev.20160228',
96 silly addNameRange     '1.9.0-dev.20160229',
96 silly addNameRange     '1.9.0-dev.20160301',
96 silly addNameRange     '1.8.5',
96 silly addNameRange     '1.8.6',
96 silly addNameRange     '1.8.7',
96 silly addNameRange     '1.9.0-dev.20160302',
96 silly addNameRange     '1.9.0-dev.20160302.1',
96 silly addNameRange     '1.9.0-dev.20160303',
96 silly addNameRange     '1.9.0-dev.20160304',
96 silly addNameRange     '1.9.0-dev.20160305',
96 silly addNameRange     '1.9.0-dev.20160306',
96 silly addNameRange     '1.9.0-dev.20160307',
96 silly addNameRange     '1.9.0-dev.20160308',
96 silly addNameRange     '1.9.0-dev.20160309',
96 silly addNameRange     '1.9.0-dev.20160310',
96 silly addNameRange     '1.9.0-dev.20160311' ] ]
97 verbose addNamed [ 'typescript', '1.8.7' ]
98 verbose addNamed [ '1.8.7', '1.8.7' ]
99 silly lockFile 112450d2-typescript-1-8-7 typescript@1.8.7
100 verbose lock typescript@1.8.7 C:\Users\Logan\AppData\Roaming\npm-cache\112450d2-typescript-1-8-7.lock
101 silly addNameRange number 2 { name: 'tsd', range: '*', hasData: true }
102 silly addNameRange versions [ 'tsd',
102 silly addNameRange   [ '0.1.0',
102 silly addNameRange     '0.1.1',
102 silly addNameRange     '0.1.2',
102 silly addNameRange     '0.2.0',
102 silly addNameRange     '0.2.1',
102 silly addNameRange     '0.2.2',
102 silly addNameRange     '0.3.0',
102 silly addNameRange     '0.3.1',
102 silly addNameRange     '0.5.2',
102 silly addNameRange     '0.5.3',
102 silly addNameRange     '0.5.5',
102 silly addNameRange     '0.5.6',
102 silly addNameRange     '0.5.7',
102 silly addNameRange     '0.6.0-beta.1',
102 silly addNameRange     '0.6.0-beta.2',
102 silly addNameRange     '0.6.0-beta.3',
102 silly addNameRange     '0.6.0-beta.4',
102 silly addNameRange     '0.6.0-beta.5',
102 silly addNameRange     '0.6.0',
102 silly addNameRange     '0.6.1',
102 silly addNameRange     '0.6.3',
102 silly addNameRange     '0.6.4-beta',
102 silly addNameRange     '0.6.4',
102 silly addNameRange     '0.6.5-beta',
102 silly addNameRange     '0.6.5-beta.2',
102 silly addNameRange     '0.6.5' ] ]
103 verbose addNamed [ 'tsd', '0.6.5' ]
104 verbose addNamed [ '0.6.5', '0.6.5' ]
105 silly lockFile 25f4a34c-tsd-0-6-5 tsd@0.6.5
106 verbose lock tsd@0.6.5 C:\Users\Logan\AppData\Roaming\npm-cache\25f4a34c-tsd-0-6-5.lock
107 silly addNameRange number 2 { name: 'browserify', range: '*', hasData: true }
108 silly addNameRange versions [ 'browserify',
108 silly addNameRange   [ '0.0.1',
108 silly addNameRange     '0.0.2',
108 silly addNameRange     '0.0.3',
108 silly addNameRange     '0.0.4',
108 silly addNameRange     '0.0.5',
108 silly addNameRange     '0.1.0',
108 silly addNameRange     '0.1.1',
108 silly addNameRange     '0.1.2',
108 silly addNameRange     '0.1.3',
108 silly addNameRange     '0.1.4',
108 silly addNameRange     '0.1.5',
108 silly addNameRange     '0.2.0',
108 silly addNameRange     '0.2.1',
108 silly addNameRange     '0.2.2',
108 silly addNameRange     '0.2.3',
108 silly addNameRange     '0.2.4',
108 silly addNameRange     '0.2.5',
108 silly addNameRange     '0.2.6',
108 silly addNameRange     '0.2.7',
108 silly addNameRange     '0.2.8',
108 silly addNameRange     '0.2.9',
108 silly addNameRange     '0.2.10',
108 silly addNameRange     '0.2.11',
108 silly addNameRange     '0.3.0',
108 silly addNameRange     '0.3.1',
108 silly addNameRange     '0.3.2',
108 silly addNameRange     '0.3.3',
108 silly addNameRange     '0.3.4',
108 silly addNameRange     '0.3.5',
108 silly addNameRange     '0.3.6',
108 silly addNameRange     '0.3.7',
108 silly addNameRange     '0.4.0',
108 silly addNameRange     '0.4.1',
108 silly addNameRange     '0.4.2',
108 silly addNameRange     '0.4.3',
108 silly addNameRange     '0.4.4',
108 silly addNameRange     '0.4.5',
108 silly addNameRange     '0.4.6',
108 silly addNameRange     '0.4.7',
108 silly addNameRange     '0.4.8',
108 silly addNameRange     '0.4.9',
108 silly addNameRange     '0.4.10',
108 silly addNameRange     '0.4.11',
108 silly addNameRange     '0.4.12',
108 silly addNameRange     '0.4.13',
108 silly addNameRange     '0.4.14',
108 silly addNameRange     '0.4.15',
108 silly addNameRange     '0.5.0',
108 silly addNameRange     '0.5.1',
108 silly addNameRange     '0.5.2',
108 silly addNameRange     '1.0.0',
108 silly addNameRange     '1.1.0',
108 silly addNameRange     '1.1.1',
108 silly addNameRange     '1.1.2',
108 silly addNameRange     '1.1.3',
108 silly addNameRange     '1.1.4',
108 silly addNameRange     '1.2.0',
108 silly addNameRange     '1.2.1',
108 silly addNameRange     '1.2.2',
108 silly addNameRange     '1.2.3',
108 silly addNameRange     '1.2.4',
108 silly addNameRange     '1.2.5',
108 silly addNameRange     '1.2.6',
108 silly addNameRange     '1.2.7',
108 silly addNameRange     '1.2.8',
108 silly addNameRange     '1.2.9',
108 silly addNameRange     '1.3.0',
108 silly addNameRange     '1.4.0',
108 silly addNameRange     '1.4.1',
108 silly addNameRange     '1.4.2',
108 silly addNameRange     '1.4.3',
108 silly addNameRange     '1.4.4',
108 silly addNameRange     '1.4.5',
108 silly addNameRange     '1.4.6',
108 silly addNameRange     '1.4.7',
108 silly addNameRange     '1.4.8',
108 silly addNameRange     '1.5.0',
108 silly addNameRange     '1.6.0',
108 silly addNameRange     '1.6.1',
108 silly addNameRange     '1.7.0',
108 silly addNameRange     '1.7.1',
108 silly addNameRange     '1.7.2',
108 silly addNameRange     '1.7.3',
108 silly addNameRange     '1.7.4',
108 silly addNameRange     '1.7.5',
108 silly addNameRange     '1.7.6',
108 silly addNameRange     '1.7.7',
108 silly addNameRange     '1.8.0',
108 silly addNameRange     '1.8.1',
108 silly addNameRange     '1.8.2',
108 silly addNameRange     '1.8.3',
108 silly addNameRange     '1.9.0',
108 silly addNameRange     '1.9.1',
108 silly addNameRange     '1.9.2',
108 silly addNameRange     '1.9.3',
108 silly addNameRange     '1.9.4',
108 silly addNameRange     '1.10.0',
108 silly addNameRange     '1.10.1',
108 silly addNameRange     '1.10.2',
108 silly addNameRange     '1.10.3',
108 silly addNameRange     '1.10.4',
108 silly addNameRange     '1.10.5',
108 silly addNameRange     '1.10.6',
108 silly addNameRange     '1.10.7',
108 silly addNameRange     '1.10.8',
108 silly addNameRange     '1.10.9',
108 silly addNameRange     '1.10.11',
108 silly addNameRange     '1.10.12',
108 silly addNameRange     '1.10.13',
108 silly addNameRange     '1.10.14',
108 silly addNameRange     '1.10.15',
108 silly addNameRange     '1.10.16',
108 silly addNameRange     '1.10.17',
108 silly addNameRange     '1.11.0',
108 silly addNameRange     '1.11.1',
108 silly addNameRange     '1.12.0',
108 silly addNameRange     '1.12.1',
108 silly addNameRange     '1.12.2',
108 silly addNameRange     '1.12.3',
108 silly addNameRange     '1.13.0',
108 silly addNameRange     '1.13.1',
108 silly addNameRange     '1.13.2',
108 silly addNameRange     '1.13.3',
108 silly addNameRange     '1.13.4',
108 silly addNameRange     '1.13.5',
108 silly addNameRange     '1.13.6',
108 silly addNameRange     '1.13.8',
108 silly addNameRange     '1.13.9',
108 silly addNameRange     '1.13.10',
108 silly addNameRange     '1.14.0',
108 silly addNameRange     '1.14.1',
108 silly addNameRange     '1.14.2',
108 silly addNameRange     '1.14.3',
108 silly addNameRange     '1.14.4',
108 silly addNameRange     '1.14.5',
108 silly addNameRange     '1.15.0',
108 silly addNameRange     '1.15.1',
108 silly addNameRange     '1.15.2',
108 silly addNameRange     '1.15.3',
108 silly addNameRange     '1.15.4',
108 silly addNameRange     '1.15.5',
108 silly addNameRange     '1.15.6',
108 silly addNameRange     '1.16.0',
108 silly addNameRange     '1.16.1',
108 silly addNameRange     '1.16.2',
108 silly addNameRange     '1.16.3',
108 silly addNameRange     '1.16.4',
108 silly addNameRange     '1.16.5',
108 silly addNameRange     '1.16.6',
108 silly addNameRange     '1.16.7',
108 silly addNameRange     '1.16.8',
108 silly addNameRange     '1.17.0',
108 silly addNameRange     '1.17.1',
108 silly addNameRange     '1.17.2',
108 silly addNameRange     '1.17.3',
108 silly addNameRange     '1.18.0',
108 silly addNameRange     '2.0.0',
108 silly addNameRange     '2.0.1',
108 silly addNameRange     '2.1.0',
108 silly addNameRange     '2.2.0',
108 silly addNameRange     '2.2.1',
108 silly addNameRange     '2.2.2',
108 silly addNameRange     '2.2.3',
108 silly addNameRange     '2.2.4',
108 silly addNameRange     '2.2.5',
108 silly addNameRange     '2.2.6',
108 silly addNameRange     '2.3.0',
108 silly addNameRange     '2.3.1',
108 silly addNameRange     '2.4.0',
108 silly addNameRange     '2.4.1',
108 silly addNameRange     '2.4.2',
108 silly addNameRange     '2.4.3',
108 silly addNameRange     '2.5.0',
108 silly addNameRange     '2.5.1',
108 silly addNameRange     '2.6.0',
108 silly addNameRange     '2.6.1',
108 silly addNameRange     '2.7.0',
108 silly addNameRange     '2.7.1',
108 silly addNameRange     '2.7.2',
108 silly addNameRange     '2.7.3',
108 silly addNameRange     '2.7.4',
108 silly addNameRange     '2.8.0',
108 silly addNameRange     '2.8.1',
108 silly addNameRange     '2.9.0',
108 silly addNameRange     '2.10.0',
108 silly addNameRange     '2.10.1',
108 silly addNameRange     '2.10.2',
108 silly addNameRange     '2.11.0',
108 silly addNameRange     '2.12.0',
108 silly addNameRange     '2.12.1',
108 silly addNameRange     '2.12.2',
108 silly addNameRange     '2.12.3',
108 silly addNameRange     '2.12.4',
108 silly addNameRange     '2.12.5',
108 silly addNameRange     '2.13.0',
108 silly addNameRange     '2.13.1',
108 silly addNameRange     '2.13.2',
108 silly addNameRange     '2.13.3',
108 silly addNameRange     '2.14.0',
108 silly addNameRange     '2.14.1',
108 silly addNameRange     '2.14.2',
108 silly addNameRange     '2.15.0',
108 silly addNameRange     '2.16.0',
108 silly addNameRange     '2.17.0',
108 silly addNameRange     '2.17.1',
108 silly addNameRange     '2.17.2',
108 silly addNameRange     '2.17.3',
108 silly addNameRange     '2.17.4',
108 silly addNameRange     '2.18.0',
108 silly addNameRange     '2.18.1',
108 silly addNameRange     '2.19.0',
108 silly addNameRange     '2.20.0',
108 silly addNameRange     '2.20.1',
108 silly addNameRange     '2.20.2',
108 silly addNameRange     '2.21.0',
108 silly addNameRange     '2.22.0',
108 silly addNameRange     '2.23.0',
108 silly addNameRange     '2.23.1',
108 silly addNameRange     '2.24.0',
108 silly addNameRange     '2.24.1',
108 silly addNameRange     '2.24.2',
108 silly addNameRange     '2.24.3',
108 silly addNameRange     '2.25.0',
108 silly addNameRange     '2.25.1',
108 silly addNameRange     '2.26.0',
108 silly addNameRange     '2.27.0',
108 silly addNameRange     '2.27.1',
108 silly addNameRange     '2.28.0',
108 silly addNameRange     '2.29.0',
108 silly addNameRange     '2.29.1',
108 silly addNameRange     '2.30.0',
108 silly addNameRange     '2.31.0',
108 silly addNameRange     '2.32.0',
108 silly addNameRange     '2.32.1',
108 silly addNameRange     '2.32.2',
108 silly addNameRange     '2.32.3',
108 silly addNameRange     '2.32.4',
108 silly addNameRange     '2.33.0',
108 silly addNameRange     '2.33.1',
108 silly addNameRange     '2.34.0',
108 silly addNameRange     '2.34.1',
108 silly addNameRange     '2.34.2',
108 silly addNameRange     '2.34.3',
108 silly addNameRange     '2.35.0',
108 silly addNameRange     '2.35.1',
108 silly addNameRange     '2.35.2',
108 silly addNameRange     '2.35.3',
108 silly addNameRange     '2.35.4',
108 silly addNameRange     '2.36.0',
108 silly addNameRange     '2.36.1',
108 silly addNameRange     '3.0.0',
108 silly addNameRange     '3.1.0',
108 silly addNameRange     '3.1.1',
108 silly addNameRange     '3.1.2',
108 silly addNameRange     '3.1.3',
108 silly addNameRange     '3.2.0',
108 silly addNameRange     '3.2.1',
108 silly addNameRange     '3.2.2',
108 silly addNameRange     '3.3.0',
108 silly addNameRange     '3.4.0',
108 silly addNameRange     '3.4.1',
108 silly addNameRange     '3.5.0',
108 silly addNameRange     '3.6.0',
108 silly addNameRange     '3.7.0',
108 silly addNameRange     '3.8.0',
108 silly addNameRange     '3.8.1',
108 silly addNameRange     '3.9.0',
108 silly addNameRange     '3.9.1',
108 silly addNameRange     '3.10.0',
108 silly addNameRange     '3.11.0',
108 silly addNameRange     '3.11.1',
108 silly addNameRange     '3.12.0',
108 silly addNameRange     '3.13.0',
108 silly addNameRange     '3.14.0',
108 silly addNameRange     '3.14.1',
108 silly addNameRange     '3.16.0',
108 silly addNameRange     '3.16.1',
108 silly addNameRange     '3.17.0',
108 silly addNameRange     '3.18.0',
108 silly addNameRange     '3.19.0',
108 silly addNameRange     '3.19.1',
108 silly addNameRange     '3.20.0',
108 silly addNameRange     '3.20.1',
108 silly addNameRange     '3.20.2',
108 silly addNameRange     '3.21.0',
108 silly addNameRange     '3.21.1',
108 silly addNameRange     '3.22.0',
108 silly addNameRange     '3.22.1',
108 silly addNameRange     '3.23.0',
108 silly addNameRange     '3.23.1',
108 silly addNameRange     '3.24.0',
108 silly addNameRange     '3.24.1',
108 silly addNameRange     '3.24.2',
108 silly addNameRange     '3.24.3',
108 silly addNameRange     '3.24.4',
108 silly addNameRange     '3.24.5',
108 silly addNameRange     '3.24.6',
108 silly addNameRange     '3.24.7',
108 silly addNameRange     '3.24.8',
108 silly addNameRange     '3.24.9',
108 silly addNameRange     '3.24.10',
108 silly addNameRange     '3.24.11',
108 silly addNameRange     '3.24.13',
108 silly addNameRange     '3.25.0',
108 silly addNameRange     '3.25.1',
108 silly addNameRange     '3.25.2',
108 silly addNameRange     '3.26.0',
108 silly addNameRange     '3.27.0',
108 silly addNameRange     '3.27.1',
108 silly addNameRange     '3.28.0',
108 silly addNameRange     '3.28.1',
108 silly addNameRange     '3.28.2',
108 silly addNameRange     '3.29.0',
108 silly addNameRange     '3.29.1',
108 silly addNameRange     '3.30.0',
108 silly addNameRange     '3.30.1',
108 silly addNameRange     '3.30.2',
108 silly addNameRange     '3.30.3',
108 silly addNameRange     '3.30.4',
108 silly addNameRange     '3.31.0',
108 silly addNameRange     '3.31.1',
108 silly addNameRange     '3.31.2',
108 silly addNameRange     '3.32.0',
108 silly addNameRange     '3.32.1',
108 silly addNameRange     '3.33.0',
108 silly addNameRange     '3.33.1',
108 silly addNameRange     '3.34.0',
108 silly addNameRange     '3.35.0',
108 silly addNameRange     '3.36.0',
108 silly addNameRange     '3.36.1',
108 silly addNameRange     '3.37.0',
108 silly addNameRange     '3.37.1',
108 silly addNameRange     '3.37.2',
108 silly addNameRange     '3.38.0',
108 silly addNameRange     '3.38.1',
108 silly addNameRange     '3.39.0',
108 silly addNameRange     '3.40.0',
108 silly addNameRange     '3.40.1',
108 silly addNameRange     '3.40.2',
108 silly addNameRange     '3.40.3',
108 silly addNameRange     '3.40.4',
108 silly addNameRange     '3.41.0',
108 silly addNameRange     '3.42.0',
108 silly addNameRange     '3.43.0',
108 silly addNameRange     '3.44.0',
108 silly addNameRange     '3.44.1',
108 silly addNameRange     '3.44.2',
108 silly addNameRange     '3.45.0',
108 silly addNameRange     '3.46.0',
108 silly addNameRange     '3.46.1',
108 silly addNameRange     '4.0.0',
108 silly addNameRange     '4.1.0',
108 silly addNameRange     '4.1.1',
108 silly addNameRange     '4.1.2',
108 silly addNameRange     '4.1.3',
108 silly addNameRange     '4.1.4',
108 silly addNameRange     '4.1.5',
108 silly addNameRange     '4.1.6',
108 silly addNameRange     '4.1.7',
108 silly addNameRange     '4.1.8',
108 silly addNameRange     '4.1.9',
108 silly addNameRange     '4.1.10',
108 silly addNameRange     '4.1.11',
108 silly addNameRange     '4.2.0',
108 silly addNameRange     '4.2.1',
108 silly addNameRange     '4.2.2',
108 silly addNameRange     '4.2.3',
108 silly addNameRange     '5.0.0',
108 silly addNameRange     '5.0.1',
108 silly addNameRange     '5.0.2',
108 silly addNameRange     '5.0.3',
108 silly addNameRange     '5.0.4',
108 silly addNameRange     '5.0.5',
108 silly addNameRange     '5.0.6',
108 silly addNameRange     '5.0.7',
108 silly addNameRange     '5.0.8',
108 silly addNameRange     '5.1.0',
108 silly addNameRange     '5.1.1',
108 silly addNameRange     '5.2.0',
108 silly addNameRange     '5.2.1',
108 silly addNameRange     '5.3.0',
108 silly addNameRange     '5.4.0',
108 silly addNameRange     '5.4.1',
108 silly addNameRange     '5.4.2',
108 silly addNameRange     '5.5.0',
108 silly addNameRange     '5.6.0',
108 silly addNameRange     '5.6.1',
108 silly addNameRange     '5.7.0',
108 silly addNameRange     '5.8.0',
108 silly addNameRange     '5.9.0',
108 silly addNameRange     '5.9.1',
108 silly addNameRange     '5.9.2',
108 silly addNameRange     '5.9.3',
108 silly addNameRange     '5.10.0',
108 silly addNameRange     '5.10.1',
108 silly addNameRange     '5.11.0',
108 silly addNameRange     '5.11.1',
108 silly addNameRange     '5.11.2',
108 silly addNameRange     '5.12.0',
108 silly addNameRange     '5.12.1',
108 silly addNameRange     '5.12.2',
108 silly addNameRange     '5.13.0',
108 silly addNameRange     '5.13.1',
108 silly addNameRange     '6.0.0',
108 silly addNameRange     '6.0.1',
108 silly addNameRange     '6.0.2',
108 silly addNameRange     '6.0.3',
108 silly addNameRange     '6.1.0',
108 silly addNameRange     '6.1.1',
108 silly addNameRange     '6.1.2',
108 silly addNameRange     '6.2.0',
108 silly addNameRange     '6.3.0',
108 silly addNameRange     '6.3.1',
108 silly addNameRange     '6.3.2',
108 silly addNameRange     '6.3.3',
108 silly addNameRange     '6.3.4',
108 silly addNameRange     '7.0.0',
108 silly addNameRange     '7.0.1',
108 silly addNameRange     '7.0.2',
108 silly addNameRange     '7.0.3',
108 silly addNameRange     '7.1.0',
108 silly addNameRange     '8.0.0',
108 silly addNameRange     '8.0.1',
108 silly addNameRange     '8.0.2',
108 silly addNameRange     '8.0.3',
108 silly addNameRange     '8.1.0',
108 silly addNameRange     '8.1.1',
108 silly addNameRange     '8.1.2',
108 silly addNameRange     '8.1.3',
108 silly addNameRange     '9.0.0',
108 silly addNameRange     '9.0.1',
108 silly addNameRange     '9.0.2',
108 silly addNameRange     '9.0.3',
108 silly addNameRange     '9.0.4',
108 silly addNameRange     '9.0.5',
108 silly addNameRange     '9.0.6',
108 silly addNameRange     '9.0.7',
108 silly addNameRange     '9.0.8',
108 silly addNameRange     '10.0.0',
108 silly addNameRange     '10.1.0',
108 silly addNameRange     '10.1.1',
108 silly addNameRange     '10.1.2',
108 silly addNameRange     '10.1.3',
108 silly addNameRange     '10.2.0',
108 silly addNameRange     '10.2.1',
108 silly addNameRange     '10.2.3',
108 silly addNameRange     '10.2.4',
108 silly addNameRange     '10.2.5',
108 silly addNameRange     '10.2.6',
108 silly addNameRange     '11.0.0',
108 silly addNameRange     '11.0.1',
108 silly addNameRange     '11.1.0',
108 silly addNameRange     '11.2.0',
108 silly addNameRange     '12.0.0',
108 silly addNameRange     '12.0.1',
108 silly addNameRange     '12.0.2',
108 silly addNameRange     '13.0.0' ] ]
109 verbose addNamed [ 'browserify', '13.0.0' ]
110 verbose addNamed [ '13.0.0', '13.0.0' ]
111 silly lockFile b1a0c2fd-browserify-13-0-0 browserify@13.0.0
112 verbose lock browserify@13.0.0 C:\Users\Logan\AppData\Roaming\npm-cache\b1a0c2fd-browserify-13-0-0.lock
113 warn deprecated tsd@0.6.5: TSD is deprecated in favor of Typings (https://github.com/typings/typings) - see https://github.com/DefinitelyTyped/tsd/issues/269 for more information
114 silly lockFile 112450d2-typescript-1-8-7 typescript@1.8.7
115 silly lockFile 112450d2-typescript-1-8-7 typescript@1.8.7
116 silly lockFile b598c0ef-typescript typescript@
117 silly lockFile b598c0ef-typescript typescript@
118 silly lockFile 8acd7280-bower-1-7-7 bower@1.7.7
119 silly lockFile 8acd7280-bower-1-7-7 bower@1.7.7
120 silly lockFile 1240aab1-bower bower@
121 silly lockFile 1240aab1-bower bower@
122 silly lockFile 25f4a34c-tsd-0-6-5 tsd@0.6.5
123 silly lockFile 25f4a34c-tsd-0-6-5 tsd@0.6.5
124 silly lockFile ff70fa42-tsd tsd@
125 silly lockFile ff70fa42-tsd tsd@
126 silly lockFile b1a0c2fd-browserify-13-0-0 browserify@13.0.0
127 silly lockFile b1a0c2fd-browserify-13-0-0 browserify@13.0.0
128 silly lockFile 80140245-browserify browserify@
129 silly lockFile 80140245-browserify browserify@
130 silly resolved [ { name: 'bower',
130 silly resolved     version: '1.7.7',
130 silly resolved     description: 'The browser package manager',
130 silly resolved     author: { name: 'Twitter' },
130 silly resolved     license: 'MIT',
130 silly resolved     repository: { type: 'git', url: 'git+https://github.com/bower/bower.git' },
130 silly resolved     main: 'lib',
130 silly resolved     bin: { bower: 'bin/bower' },
130 silly resolved     homepage: 'http://bower.io',
130 silly resolved     engines: { node: '>=0.10.0' },
130 silly resolved     keywords: [ 'bower' ],
130 silly resolved     files: [ 'bin', 'lib' ],
130 silly resolved     bugs: { url: 'https://github.com/bower/bower/issues' },
130 silly resolved     _id: 'bower@1.7.7',
130 silly resolved     scripts: {},
130 silly resolved     _shasum: '2fd7ff3ebdcba5a8ffcd84c397c8fdfe9f825f92',
130 silly resolved     _from: 'bower@',
130 silly resolved     _npmVersion: '3.5.3',
130 silly resolved     _nodeVersion: '4.1.1',
130 silly resolved     _npmUser: { name: 'sheerun', email: 'sheerun@sher.pl' },
130 silly resolved     dist:
130 silly resolved      { shasum: '2fd7ff3ebdcba5a8ffcd84c397c8fdfe9f825f92',
130 silly resolved        tarball: 'http://registry.npmjs.org/bower/-/bower-1.7.7.tgz' },
130 silly resolved     maintainers:
130 silly resolved      [ [Object],
130 silly resolved        [Object],
130 silly resolved        [Object],
130 silly resolved        [Object],
130 silly resolved        [Object],
130 silly resolved        [Object],
130 silly resolved        [Object] ],
130 silly resolved     directories: {},
130 silly resolved     _resolved: 'https://registry.npmjs.org/bower/-/bower-1.7.7.tgz',
130 silly resolved     readme: 'ERROR: No README data found!' },
130 silly resolved   { name: 'typescript',
130 silly resolved     author: { name: 'Microsoft Corp.' },
130 silly resolved     homepage: 'http://typescriptlang.org/',
130 silly resolved     version: '1.8.7',
130 silly resolved     license: 'Apache-2.0',
130 silly resolved     description: 'TypeScript is a language for application scale JavaScript development',
130 silly resolved     keywords: [ 'TypeScript', 'Microsoft', 'compiler', 'language', 'javascript' ],
130 silly resolved     bugs: { url: 'https://github.com/Microsoft/TypeScript/issues' },
130 silly resolved     repository:
130 silly resolved      { type: 'git',
130 silly resolved        url: 'git+https://github.com/Microsoft/TypeScript.git' },
130 silly resolved     main: './lib/typescript.js',
130 silly resolved     typings: './lib/typescript.d.ts',
130 silly resolved     bin: { tsc: './bin/tsc', tsserver: './bin/tsserver' },
130 silly resolved     engines: { node: '>=0.8.0' },
130 silly resolved     devDependencies:
130 silly resolved      { jake: 'latest',
130 silly resolved        mocha: '2.3.4',
130 silly resolved        chai: 'latest',
130 silly resolved        browserify: 'latest',
130 silly resolved        istanbul: 'latest',
130 silly resolved        'mocha-fivemat-progress-reporter': 'latest',
130 silly resolved        tslint: 'next',
130 silly resolved        typescript: 'next',
130 silly resolved        tsd: 'latest' },
130 silly resolved     scripts:
130 silly resolved      { pretest: 'jake tests',
130 silly resolved        test: 'jake runtests',
130 silly resolved        build: 'npm run build:compiler && npm run build:tests',
130 silly resolved        'build:compiler': 'jake local',
130 silly resolved        'build:tests': 'jake tests',
130 silly resolved        clean: 'jake clean',
130 silly resolved        jake: 'jake',
130 silly resolved        lint: 'jake lint',
130 silly resolved        'setup-hooks': 'node scripts/link-hooks.js' },
130 silly resolved     browser: { buffer: false, fs: false, os: false, path: false },
130 silly resolved     gitHead: 'c9cf5f9cc2a781c9bdb00206d9a1038b53be6bda',
130 silly resolved     _id: 'typescript@1.8.7',
130 silly resolved     _shasum: '35e3838de31c91cfe1d8c20e0e5785d386938a49',
130 silly resolved     _from: 'typescript@',
130 silly resolved     _npmVersion: '2.0.0',
130 silly resolved     _npmUser: { name: 'typescript', email: 'typescript@microsoft.com' },
130 silly resolved     maintainers: [ [Object] ],
130 silly resolved     dist:
130 silly resolved      { shasum: '35e3838de31c91cfe1d8c20e0e5785d386938a49',
130 silly resolved        tarball: 'http://registry.npmjs.org/typescript/-/typescript-1.8.7.tgz' },
130 silly resolved     _npmOperationalInternal:
130 silly resolved      { host: 'packages-11-east.internal.npmjs.com',
130 silly resolved        tmp: 'tmp/typescript-1.8.7.tgz_1456882108211_0.4195348753128201' },
130 silly resolved     directories: {},
130 silly resolved     _resolved: 'https://registry.npmjs.org/typescript/-/typescript-1.8.7.tgz',
130 silly resolved     readme: 'ERROR: No README data found!' },
130 silly resolved   { name: 'tsd',
130 silly resolved     version: '0.6.5',
130 silly resolved     description: 'TypeScript Definition manager for DefinitelyTyped',
130 silly resolved     keywords: [ 'typescript', 'definition', 'package', 'manager' ],
130 silly resolved     homepage: 'https://github.com/DefinitelyTyped/tsd',
130 silly resolved     repository:
130 silly resolved      { type: 'git',
130 silly resolved        url: 'git+https://github.com/DefinitelyTyped/tsd.git' },
130 silly resolved     author:
130 silly resolved      { name: 'Bart van der Schoor',
130 silly resolved        url: 'https://github.com/Bartvds' },
130 silly resolved     contributors: [ [Object] ],
130 silly resolved     licenses: [ [Object] ],
130 silly resolved     bugs: { url: 'https://github.com/DefinitelyTyped/tsd/issues' },
130 silly resolved     preferGlobal: true,
130 silly resolved     engines: { node: '>= 0.10.0' },
130 silly resolved     main: './build/api.js',
130 silly resolved     bin: { tsd: './build/cli.js' },
130 silly resolved     scripts: { test: 'grunt test', prepublish: 'grunt pre_publish' },
130 silly resolved     dependencies:
130 silly resolved      { 'assertion-error': '1.0.0',
130 silly resolved        bl: '^0.9.3',
130 silly resolved        bluebird: '~1.2.4',
130 silly resolved        chalk: '^1.0.0',
130 silly resolved        colors: '^1.1.0',
130 silly resolved        'deep-freeze': '0.0.1',
130 silly resolved        'definition-header': '~0.1.0',
130 silly resolved        'detect-indent': '^0.2.0',
130 silly resolved        diff: '^1.4.0',
130 silly resolved        'event-stream': '~3.1.5',
130 silly resolved        exit: '~0.1.2',
130 silly resolved        glob: '^4.0.6',
130 silly resolved        joi: '^4.7.0',
130 silly resolved        'joi-assert': '0.0.3',
130 silly resolved        jsesc: '^0.5.0',
130 silly resolved        'json-pointer': '^0.2.2',
130 silly resolved        'lazy.js': '~0.3.2',
130 silly resolved        'lru-cache': '~2.5.0',
130 silly resolved        minimatch: '^1.0.0',
130 silly resolved        minimist: '^1.1.0',
130 silly resolved        ministyle: '~0.1.3',
130 silly resolved        minitable: '0.0.4',
130 silly resolved        miniwrite: '~0.1.3',
130 silly resolved        mkdirp: '~0.5.0',
130 silly resolved        open: '~0.0.5',
130 silly resolved        request: '^2.45.0',
130 silly resolved        rimraf: '~2.2.8',
130 silly resolved        semver: '^4.3.1',
130 silly resolved        'type-detect': '~0.1.2',
130 silly resolved        'universal-analytics': '~0.3.4',
130 silly resolved        'update-notifier': '^0.2.2',
130 silly resolved        'uri-templates': '~0.1.5',
130 silly resolved        uuid: '^2.0.1',
130 silly resolved        verror: '~1.4.0' },
130 silly resolved     devDependencies:
130 silly resolved      { chai: '~1.9.1',
130 silly resolved        'chai-as-promised': '~4.1.1',
130 silly resolved        'chai-fs': '^0.1.0',
130 silly resolved        'chai-fuzzy': '~1.4.0',
130 silly resolved        'chai-shallow-deep-equal': '0.0.3',
130 silly resolved        grunt: '~0.4.4',
130 silly resolved        'grunt-contrib-clean': '^0.6.0',
130 silly resolved        'grunt-contrib-connect': '~0.8.0',
130 silly resolved        'grunt-contrib-copy': '^0.6.0',
130 silly resolved        'grunt-contrib-jshint': '^0.10.0',
130 silly resolved        'grunt-mocha-test': '^0.12.1',
130 silly resolved        'grunt-regex-replace': '~0.2.5',
130 silly resolved        'grunt-shell': '^1.1.1',
130 silly resolved        'grunt-todos': '~0.3.0',
130 silly resolved        'grunt-ts': '4.1.0',
130 silly resolved        'grunt-ts-clean': '~0.2.0',
130 silly resolved        'grunt-tslint': 'git+https://github.com/Bartvds/grunt-tslint.git#feature/multi',
130 silly resolved        'grunt-tv4': '~0.4.0',
130 silly resolved        'gruntfile-gtx': '^0.3.0',
130 silly resolved        'jshint-path-reporter': '~0.1',
130 silly resolved        mocha: '^1.21.4',
130 silly resolved        'mocha-unfunk-reporter': '^0.4.0',
130 silly resolved        ncp: '^1.0.1',
130 silly resolved        'package.json-schema': '~0.2.0',
130 silly resolved        'source-map-support': '~0.2.6',
130 silly resolved        'time-grunt': '^1.0.0',
130 silly resolved        'tslint-path-formatter': '~0.1.1',
130 silly resolved        typescript: '1.5.3',
130 silly resolved        'dir-compare': '^0.0.2' },
130 silly resolved     gitHead: 'b6f7933b12a6f435deadcb042e14ab5ef8b9b638',
130 silly resolved     _id: 'tsd@0.6.5',
130 silly resolved     _shasum: '34a0b64c1db6a70b3860fe4f5571d9d1357421ad',
130 silly resolved     _from: 'tsd@',
130 silly resolved     _npmVersion: '2.11.3',
130 silly resolved     _nodeVersion: '0.12.7',
130 silly resolved     _npmUser: { name: 'diullei', email: 'diullei@gmail.com' },
130 silly resolved     dist:
130 silly resolved      { shasum: '34a0b64c1db6a70b3860fe4f5571d9d1357421ad',
130 silly resolved        tarball: 'http://registry.npmjs.org/tsd/-/tsd-0.6.5.tgz' },
130 silly resolved     maintainers: [ [Object], [Object], [Object], [Object] ],
130 silly resolved     deprecated: 'TSD is deprecated in favor of Typings (https://github.com/typings/typings) - see https://github.com/DefinitelyTyped/tsd/issues/269 for more information',
130 silly resolved     directories: {},
130 silly resolved     _resolved: 'https://registry.npmjs.org/tsd/-/tsd-0.6.5.tgz',
130 silly resolved     readme: 'ERROR: No README data found!' },
130 silly resolved   { name: 'browserify',
130 silly resolved     version: '13.0.0',
130 silly resolved     description: 'browser-side require() the node way',
130 silly resolved     main: 'index.js',
130 silly resolved     bin: { browserify: 'bin/cmd.js' },
130 silly resolved     repository:
130 silly resolved      { type: 'git',
130 silly resolved        url: 'git+ssh://git@github.com/substack/node-browserify.git' },
130 silly resolved     keywords:
130 silly resolved      [ 'browser',
130 silly resolved        'require',
130 silly resolved        'commonjs',
130 silly resolved        'commonj-esque',
130 silly resolved        'bundle',
130 silly resolved        'npm',
130 silly resolved        'javascript' ],
130 silly resolved     dependencies:
130 silly resolved      { JSONStream: '^1.0.3',
130 silly resolved        assert: '~1.3.0',
130 silly resolved        'browser-pack': '^6.0.1',
130 silly resolved        'browser-resolve': '^1.11.0',
130 silly resolved        'browserify-zlib': '~0.1.2',
130 silly resolved        buffer: '^4.1.0',
130 silly resolved        'concat-stream': '~1.5.1',
130 silly resolved        'console-browserify': '^1.1.0',
130 silly resolved        'constants-browserify': '~1.0.0',
130 silly resolved        'crypto-browserify': '^3.0.0',
130 silly resolved        defined: '^1.0.0',
130 silly resolved        'deps-sort': '^2.0.0',
130 silly resolved        'domain-browser': '~1.1.0',
130 silly resolved        duplexer2: '~0.1.2',
130 silly resolved        events: '~1.1.0',
130 silly resolved        glob: '^5.0.15',
130 silly resolved        has: '^1.0.0',
130 silly resolved        htmlescape: '^1.1.0',
130 silly resolved        'stream-http': '^2.0.0',
130 silly resolved        'https-browserify': '~0.0.0',
130 silly resolved        inherits: '~2.0.1',
130 silly resolved        'insert-module-globals': '^7.0.0',
130 silly resolved        isarray: '0.0.1',
130 silly resolved        'labeled-stream-splicer': '^2.0.0',
130 silly resolved        'module-deps': '^4.0.2',
130 silly resolved        'os-browserify': '~0.1.1',
130 silly resolved        parents: '^1.0.1',
130 silly resolved        'path-browserify': '~0.0.0',
130 silly resolved        process: '~0.11.0',
130 silly resolved        punycode: '^1.3.2',
130 silly resolved        'querystring-es3': '~0.2.0',
130 silly resolved        'read-only-stream': '^2.0.0',
130 silly resolved        'readable-stream': '^2.0.2',
130 silly resolved        resolve: '^1.1.4',
130 silly resolved        shasum: '^1.0.0',
130 silly resolved        'shell-quote': '^1.4.3',
130 silly resolved        'stream-browserify': '^2.0.0',
130 silly resolved        string_decoder: '~0.10.0',
130 silly resolved        subarg: '^1.0.0',
130 silly resolved        'syntax-error': '^1.1.1',
130 silly resolved        through2: '^2.0.0',
130 silly resolved        'timers-browserify': '^1.0.1',
130 silly resolved        'tty-browserify': '~0.0.0',
130 silly resolved        url: '~0.11.0',
130 silly resolved        util: '~0.10.1',
130 silly resolved        'vm-browserify': '~0.0.1',
130 silly resolved        xtend: '^4.0.0' },
130 silly resolved     devDependencies:
130 silly resolved      { backbone: '~0.9.2',
130 silly resolved        'browser-unpack': '^1.1.1',
130 silly resolved        'coffee-script': '~1.10.0',
130 silly resolved        coffeeify: '~1.1.0',
130 silly resolved        es6ify: '~0.4.8',
130 silly resolved        isstream: '^0.1.2',
130 silly resolved        seq: '0.3.5',
130 silly resolved        tap: '^2.2.0',
130 silly resolved        temp: '^0.8.1',
130 silly resolved        through: '^2.3.4' },
130 silly resolved     author:
130 silly resolved      { name: 'James Halliday',
130 silly resolved        email: 'mail@substack.net',
130 silly resolved        url: 'http://substack.net' },
130 silly resolved     scripts: { test: 'tap test/*.js' },
130 silly resolved     license: 'MIT',
130 silly resolved     gitHead: '5b82a2f1bc061cb47ff4aa7c702ed79fc20effa8',
130 silly resolved     bugs: { url: 'https://github.com/substack/node-browserify/issues' },
130 silly resolved     homepage: 'https://github.com/substack/node-browserify#readme',
130 silly resolved     _id: 'browserify@13.0.0',
130 silly resolved     _shasum: '8f223bb24ff4ee4335e6bea9671de294e43ba6a3',
130 silly resolved     _from: 'browserify@',
130 silly resolved     _npmVersion: '2.14.7',
130 silly resolved     _nodeVersion: '4.2.3',
130 silly resolved     _npmUser: { name: 'feross', email: 'feross@feross.org' },
130 silly resolved     dist:
130 silly resolved      { shasum: '8f223bb24ff4ee4335e6bea9671de294e43ba6a3',
130 silly resolved        tarball: 'http://registry.npmjs.org/browserify/-/browserify-13.0.0.tgz' },
130 silly resolved     maintainers:
130 silly resolved      [ [Object],
130 silly resolved        [Object],
130 silly resolved        [Object],
130 silly resolved        [Object],
130 silly resolved        [Object],
130 silly resolved        [Object],
130 silly resolved        [Object],
130 silly resolved        [Object],
130 silly resolved        [Object],
130 silly resolved        [Object],
130 silly resolved        [Object] ],
130 silly resolved     directories: {},
130 silly resolved     _resolved: 'https://registry.npmjs.org/browserify/-/browserify-13.0.0.tgz',
130 silly resolved     readme: 'ERROR: No README data found!' } ]
131 info install bower@1.7.7 into C:\Program Files (x86)\Microsoft Visual Studio 14.0\Common7\IDE\Extensions\Microsoft\Web Tools\External\node
132 info install typescript@1.8.7 into C:\Program Files (x86)\Microsoft Visual Studio 14.0\Common7\IDE\Extensions\Microsoft\Web Tools\External\node
133 info install tsd@0.6.5 into C:\Program Files (x86)\Microsoft Visual Studio 14.0\Common7\IDE\Extensions\Microsoft\Web Tools\External\node
134 info install browserify@13.0.0 into C:\Program Files (x86)\Microsoft Visual Studio 14.0\Common7\IDE\Extensions\Microsoft\Web Tools\External\node
135 info installOne bower@1.7.7
136 info installOne typescript@1.8.7
137 info installOne tsd@0.6.5
138 info installOne browserify@13.0.0
139 info C:\Program Files (x86)\Microsoft Visual Studio 14.0\Common7\IDE\Extensions\Microsoft\Web Tools\External\node\node_modules\bower unbuild
140 info C:\Program Files (x86)\Microsoft Visual Studio 14.0\Common7\IDE\Extensions\Microsoft\Web Tools\External\node\node_modules\typescript unbuild
141 info C:\Program Files (x86)\Microsoft Visual Studio 14.0\Common7\IDE\Extensions\Microsoft\Web Tools\External\node\node_modules\tsd unbuild
142 info C:\Program Files (x86)\Microsoft Visual Studio 14.0\Common7\IDE\Extensions\Microsoft\Web Tools\External\node\node_modules\browserify unbuild
143 verbose tar unpack C:\Users\Logan\AppData\Roaming\npm-cache\bower\1.7.7\package.tgz
144 silly lockFile 7b6e731f-External-node-node-modules-bower tar://C:\Program Files (x86)\Microsoft Visual Studio 14.0\Common7\IDE\Extensions\Microsoft\Web Tools\External\node\node_modules\bower
145 verbose lock tar://C:\Program Files (x86)\Microsoft Visual Studio 14.0\Common7\IDE\Extensions\Microsoft\Web Tools\External\node\node_modules\bower C:\Users\Logan\AppData\Roaming\npm-cache\7b6e731f-External-node-node-modules-bower.lock
146 silly lockFile 4c3bfecf-pm-cache-bower-1-7-7-package-tgz tar://C:\Users\Logan\AppData\Roaming\npm-cache\bower\1.7.7\package.tgz
147 verbose lock tar://C:\Users\Logan\AppData\Roaming\npm-cache\bower\1.7.7\package.tgz C:\Users\Logan\AppData\Roaming\npm-cache\4c3bfecf-pm-cache-bower-1-7-7-package-tgz.lock
148 verbose tar unpack C:\Users\Logan\AppData\Roaming\npm-cache\typescript\1.8.7\package.tgz
149 silly lockFile 04d96c13-nal-node-node-modules-typescript tar://C:\Program Files (x86)\Microsoft Visual Studio 14.0\Common7\IDE\Extensions\Microsoft\Web Tools\External\node\node_modules\typescript
150 verbose lock tar://C:\Program Files (x86)\Microsoft Visual Studio 14.0\Common7\IDE\Extensions\Microsoft\Web Tools\External\node\node_modules\typescript C:\Users\Logan\AppData\Roaming\npm-cache\04d96c13-nal-node-node-modules-typescript.lock
151 silly lockFile 7374e6ae-che-typescript-1-8-7-package-tgz tar://C:\Users\Logan\AppData\Roaming\npm-cache\typescript\1.8.7\package.tgz
152 verbose lock tar://C:\Users\Logan\AppData\Roaming\npm-cache\typescript\1.8.7\package.tgz C:\Users\Logan\AppData\Roaming\npm-cache\7374e6ae-che-typescript-1-8-7-package-tgz.lock
153 verbose tar unpack C:\Users\Logan\AppData\Roaming\npm-cache\tsd\0.6.5\package.tgz
154 silly lockFile 12f871c6-s-External-node-node-modules-tsd tar://C:\Program Files (x86)\Microsoft Visual Studio 14.0\Common7\IDE\Extensions\Microsoft\Web Tools\External\node\node_modules\tsd
155 verbose lock tar://C:\Program Files (x86)\Microsoft Visual Studio 14.0\Common7\IDE\Extensions\Microsoft\Web Tools\External\node\node_modules\tsd C:\Users\Logan\AppData\Roaming\npm-cache\12f871c6-s-External-node-node-modules-tsd.lock
156 silly lockFile aec733f4--npm-cache-tsd-0-6-5-package-tgz tar://C:\Users\Logan\AppData\Roaming\npm-cache\tsd\0.6.5\package.tgz
157 verbose lock tar://C:\Users\Logan\AppData\Roaming\npm-cache\tsd\0.6.5\package.tgz C:\Users\Logan\AppData\Roaming\npm-cache\aec733f4--npm-cache-tsd-0-6-5-package-tgz.lock
158 verbose tar unpack C:\Users\Logan\AppData\Roaming\npm-cache\browserify\13.0.0\package.tgz
159 silly lockFile a0986f2f-nal-node-node-modules-browserify tar://C:\Program Files (x86)\Microsoft Visual Studio 14.0\Common7\IDE\Extensions\Microsoft\Web Tools\External\node\node_modules\browserify
160 verbose lock tar://C:\Program Files (x86)\Microsoft Visual Studio 14.0\Common7\IDE\Extensions\Microsoft\Web Tools\External\node\node_modules\browserify C:\Users\Logan\AppData\Roaming\npm-cache\a0986f2f-nal-node-node-modules-browserify.lock
161 silly lockFile 6fc8474b-he-browserify-13-0-0-package-tgz tar://C:\Users\Logan\AppData\Roaming\npm-cache\browserify\13.0.0\package.tgz
162 verbose lock tar://C:\Users\Logan\AppData\Roaming\npm-cache\browserify\13.0.0\package.tgz C:\Users\Logan\AppData\Roaming\npm-cache\6fc8474b-he-browserify-13-0-0-package-tgz.lock
163 silly gunzTarPerm modes [ '755', '644' ]
164 silly gunzTarPerm modes [ '755', '644' ]
165 silly gunzTarPerm modes [ '755', '644' ]
166 silly gunzTarPerm modes [ '755', '644' ]
167 error Error: EPERM, mkdir 'C:\Program Files (x86)\Microsoft Visual Studio 14.0\Common7\IDE\Extensions\Microsoft\Web Tools\External\node\node_modules'
167 error  { [Error: EPERM, mkdir 'C:\Program Files (x86)\Microsoft Visual Studio 14.0\Common7\IDE\Extensions\Microsoft\Web Tools\External\node\node_modules']
167 error   errno: 50,
167 error   code: 'EPERM',
167 error   path: 'C:\\Program Files (x86)\\Microsoft Visual Studio 14.0\\Common7\\IDE\\Extensions\\Microsoft\\Web Tools\\External\\node\\node_modules',
167 error   fstream_type: 'Directory',
167 error   fstream_path: 'C:\\Program Files (x86)\\Microsoft Visual Studio 14.0\\Common7\\IDE\\Extensions\\Microsoft\\Web Tools\\External\\node\\node_modules\\typescript',
167 error   fstream_class: 'DirWriter',
167 error   fstream_stack:
167 error    [ 'C:\\Program Files (x86)\\Microsoft Visual Studio 14.0\\Common7\\IDE\\Extensions\\Microsoft\\Web Tools\\External\\npm\\node_modules\\fstream\\lib\\writer.js:171:23',
167 error      'C:\\Program Files (x86)\\Microsoft Visual Studio 14.0\\Common7\\IDE\\Extensions\\Microsoft\\Web Tools\\External\\npm\\node_modules\\mkdirp\\index.js:37:53',
167 error      'Object.oncomplete (fs.js:107:15)' ] }
168 error Please try running this command again as root/Administrator.
169 error System Windows_NT 6.2.9200
170 error command "C:\\Program Files (x86)\\Microsoft Visual Studio 14.0\\Common7\\IDE\\Extensions\\Microsoft\\Web Tools\\External\\\\node\\node" "C:\\Program Files (x86)\\Microsoft Visual Studio 14.0\\Common7\\IDE\\Extensions\\Microsoft\\Web Tools\\External\\npm\\node_modules\\npm\\bin\\npm-cli.js" "install" "-g" "browserify" "bower" "tsd" "typescript"
171 error cwd G:\Repo\GitHub\bugbounty\src\Hudl.BugBounty.WebApp
172 error node -v v0.10.31
173 error npm -v 1.4.9
174 error path C:\Program Files (x86)\Microsoft Visual Studio 14.0\Common7\IDE\Extensions\Microsoft\Web Tools\External\node\node_modules
175 error fstream_path C:\Program Files (x86)\Microsoft Visual Studio 14.0\Common7\IDE\Extensions\Microsoft\Web Tools\External\node\node_modules\typescript
176 error fstream_type Directory
177 error fstream_class DirWriter
178 error code EPERM
179 error errno 50
180 error stack Error: EPERM, mkdir 'C:\Program Files (x86)\Microsoft Visual Studio 14.0\Common7\IDE\Extensions\Microsoft\Web Tools\External\node\node_modules'
181 error fstream_stack C:\Program Files (x86)\Microsoft Visual Studio 14.0\Common7\IDE\Extensions\Microsoft\Web Tools\External\npm\node_modules\fstream\lib\writer.js:171:23
181 error fstream_stack C:\Program Files (x86)\Microsoft Visual Studio 14.0\Common7\IDE\Extensions\Microsoft\Web Tools\External\npm\node_modules\mkdirp\index.js:37:53
181 error fstream_stack Object.oncomplete (fs.js:107:15)
182 verbose exit [ 50, true ]
